<?xml version="1.0" encoding="UTF-8"?>
<!-- Generated by org.testng.reporters.JUnitReportReporter -->
<testsuite hostname="DESKTOP-UV55T36" failures="0" tests="1" name="Tests.Test3" time="0.182" errors="0" timestamp="2025-03-02T19:55:50 IST" skipped="0">
  <testcase classname="Tests.Test3" name="test" time="0.182"/>
</testsuite> <!-- Tests.Test3 -->
