<?xml version="1.0" encoding="UTF-8"?>
<!-- Generated by org.testng.reporters.JUnitReportReporter -->
<testsuite hostname="DESKTOP-UV55T36" failures="0" tests="1" name="Tests.TestDemo" time="3.821" errors="0" timestamp="2025-04-26T12:28:06 IST" skipped="0">
  <testcase classname="Tests.TestDemo" name="test1" time="3.821"/>
</testsuite> <!-- Tests.TestDemo -->
