<?xml version="1.0" encoding="UTF-8"?>
<!-- Generated by org.testng.reporters.JUnitReportReporter -->
<testsuite hostname="DESKTOP-UV55T36" failures="0" tests="1" name="Tests.tt" time="0.010" errors="0" timestamp="2025-03-02T19:58:29 IST" skipped="0">
  <testcase classname="Tests.tt" name="ff" time="0.010"/>
</testsuite> <!-- Tests.tt -->
