<?xml version="1.0" encoding="UTF-8"?>
<!-- Generated by org.testng.reporters.JUnitReportReporter -->
<testsuite hostname="DESKTOP-UV55T36" failures="0" tests="1" name="Tests.TestDemo" time="0.138" errors="0" timestamp="2025-03-04T11:20:13 IST" skipped="0">
  <testcase classname="Tests.TestDemo" name="test" time="0.138"/>
</testsuite> <!-- Tests.TestDemo -->
