<?xml version="1.0" encoding="UTF-8"?>
<!-- Generated by org.testng.reporters.JUnitReportReporter -->
<testsuite hostname="DESKTOP-UV55T36" failures="0" tests="1" name="Tests.TestDemo" time="0.237" errors="0" timestamp="2025-03-04T12:49:52 IST" skipped="0">
  <testcase classname="Tests.TestDemo" name="test" time="0.237"/>
</testsuite> <!-- Tests.TestDemo -->
