<?xml version="1.0" encoding="UTF-8"?>
<!-- Generated by org.testng.reporters.JUnitReportReporter -->
<testsuite hostname="DESKTOP-UV55T36" failures="0" tests="1" name="Tests2.MyTest" time="3.526" errors="0" timestamp="2025-03-15T19:50:37 IST" skipped="0">
  <testcase classname="Tests2.MyTest" name="te" time="3.526"/>
</testsuite> <!-- Tests2.MyTest -->
