<?xml version="1.0" encoding="UTF-8"?>
<!-- Generated by org.testng.reporters.JUnitReportReporter -->
<testsuite hostname="DESKTOP-UV55T36" failures="0" tests="1" name="Tests2.MyTest" time="5.771" errors="0" timestamp="2025-03-04T11:20:13 IST" skipped="0">
  <testcase classname="Tests2.MyTest" name="te" time="5.771"/>
</testsuite> <!-- Tests2.MyTest -->
