<?xml version="1.0" encoding="UTF-8"?>
<!-- Generated by org.testng.reporters.JUnitReportReporter -->
<testsuite hostname="DESKTOP-UV55T36" failures="0" tests="1" name="Tests2.MyTest" time="0.147" errors="0" timestamp="2025-04-26T10:51:46 IST" skipped="0">
  <testcase classname="Tests2.MyTest" name="te" time="0.147"/>
</testsuite> <!-- Tests2.MyTest -->
